{"/Users/arm/Desktop/github/react-unit-test-sample/src/App.tsx": {"path":"/Users/arm/Desktop/github/react-unit-test-sample/src/App.tsx","statementMap":{"0":{"start":{"line":6,"column":2},"end":{"line":23,"column":4}}},"fnMap":{"0":{"name":"App","decl":{"start":{"line":5,"column":9},"end":{"line":5,"column":12}},"loc":{"start":{"line":5,"column":15},"end":{"line":24,"column":1}},"line":5}},"branchMap":{},"s":{"0":1},"f":{"0":1},"b":{},"_coverageSchema":"1a1c01bbd47fc00a2c39e90264f33305004495a9","hash":"0f841d89af6ee4a5f1880cd25b4812784684d018"}
,"/Users/arm/Desktop/github/react-unit-test-sample/src/index.tsx": {"path":"/Users/arm/Desktop/github/react-unit-test-sample/src/index.tsx","statementMap":{"0":{"start":{"line":7,"column":0},"end":{"line":12,"column":2}},"1":{"start":{"line":17,"column":0},"end":{"line":17,"column":18}}},"fnMap":{},"branchMap":{},"s":{"0":0,"1":0},"f":{},"b":{}}
,"/Users/arm/Desktop/github/react-unit-test-sample/src/reportWebVitals.ts": {"path":"/Users/arm/Desktop/github/react-unit-test-sample/src/reportWebVitals.ts","statementMap":{"0":{"start":{"line":3,"column":24},"end":{"line":13,"column":1}},"1":{"start":{"line":4,"column":2},"end":{"line":12,"column":3}},"2":{"start":{"line":5,"column":4},"end":{"line":11,"column":7}},"3":{"start":{"line":6,"column":6},"end":{"line":6,"column":26}},"4":{"start":{"line":7,"column":6},"end":{"line":7,"column":26}},"5":{"start":{"line":8,"column":6},"end":{"line":8,"column":26}},"6":{"start":{"line":9,"column":6},"end":{"line":9,"column":26}},"7":{"start":{"line":10,"column":6},"end":{"line":10,"column":27}}},"fnMap":{"0":{"name":"(anonymous_0)","decl":{"start":{"line":3,"column":24},"end":{"line":3,"column":25}},"loc":{"start":{"line":3,"column":57},"end":{"line":13,"column":1}},"line":3},"1":{"name":"(anonymous_1)","decl":{"start":{"line":5,"column":30},"end":{"line":5,"column":31}},"loc":{"start":{"line":5,"column":79},"end":{"line":11,"column":5}},"line":5}},"branchMap":{"0":{"loc":{"start":{"line":4,"column":2},"end":{"line":12,"column":3}},"type":"if","locations":[{"start":{"line":4,"column":2},"end":{"line":12,"column":3}},{"start":{"line":4,"column":2},"end":{"line":12,"column":3}}],"line":4},"1":{"loc":{"start":{"line":4,"column":6},"end":{"line":4,"column":52}},"type":"binary-expr","locations":[{"start":{"line":4,"column":6},"end":{"line":4,"column":17}},{"start":{"line":4,"column":21},"end":{"line":4,"column":52}}],"line":4}},"s":{"0":0,"1":0,"2":0,"3":0,"4":0,"5":0,"6":0,"7":0},"f":{"0":0,"1":0},"b":{"0":[0,0],"1":[0,0]}}
,"/Users/arm/Desktop/github/react-unit-test-sample/src/services/LoginService.ts": {"path":"/Users/arm/Desktop/github/react-unit-test-sample/src/services/LoginService.ts","statementMap":{"0":{"start":{"line":3,"column":0},"end":{"line":5,"column":2}},"1":{"start":{"line":4,"column":4},"end":{"line":4,"column":16}},"2":{"start":{"line":6,"column":18},"end":{"line":6,"column":41}},"3":{"start":{"line":11,"column":8},"end":{"line":29,"column":9}},"4":{"start":{"line":12,"column":34},"end":{"line":18,"column":13}},"5":{"start":{"line":19,"column":12},"end":{"line":25,"column":13}},"6":{"start":{"line":20,"column":16},"end":{"line":20,"column":48}},"7":{"start":{"line":21,"column":16},"end":{"line":21,"column":28}},"8":{"start":{"line":23,"column":16},"end":{"line":23,"column":51}},"9":{"start":{"line":24,"column":16},"end":{"line":24,"column":29}},"10":{"start":{"line":27,"column":12},"end":{"line":27,"column":40}},"11":{"start":{"line":28,"column":12},"end":{"line":28,"column":25}}},"fnMap":{"0":{"name":"(anonymous_0)","decl":{"start":{"line":3,"column":40},"end":{"line":3,"column":41}},"loc":{"start":{"line":3,"column":52},"end":{"line":5,"column":1}},"line":3},"1":{"name":"(anonymous_1)","decl":{"start":{"line":10,"column":4},"end":{"line":10,"column":5}},"loc":{"start":{"line":10,"column":77},"end":{"line":31,"column":5}},"line":10}},"branchMap":{"0":{"loc":{"start":{"line":19,"column":12},"end":{"line":25,"column":13}},"type":"if","locations":[{"start":{"line":19,"column":12},"end":{"line":25,"column":13}},{"start":{"line":19,"column":12},"end":{"line":25,"column":13}}],"line":19}},"s":{"0":0,"1":0,"2":0,"3":0,"4":0,"5":0,"6":0,"7":0,"8":0,"9":0,"10":0,"11":0},"f":{"0":0,"1":0},"b":{"0":[0,0]}}
}
